> tsc -b && vite build
vite v6.4.1 building for production...
transforming...
✓ 2434 modules transformed.
rendering chunks...
computing gzip size...
dist/index.html                                                    0.50 kB │ gzip:   0.31 kB
dist/assets/favicon-D7stwnU8.ico                                   2.24 kB
dist/assets/microsoft_certified_fundamentals_badge-qZnfZ7Ii.svg    8.17 kB │ gzip:   3.39 kB
dist/assets/inter-vietnamese-wght-normal-CBcvBZtf.woff2           10.25 kB
dist/assets/inter-greek-ext-wght-normal-DlzME5K_.woff2            11.23 kB
dist/assets/cachara-BAUrAkKv.jpg                                  16.75 kB
dist/assets/inter-cyrillic-wght-normal-DqGufNeO.woff2             18.75 kB
dist/assets/inter-greek-wght-normal-CkhJZR-_.woff2                19.00 kB
dist/assets/portfolio-kRgjZnUv.jpg                                20.07 kB
dist/assets/inter-cyrillic-ext-wght-normal-BOeWTOD4.woff2         25.96 kB
dist/assets/ufsc_brasao-BkvTB9GH.jpg                              36.15 kB
dist/assets/inter-latin-wght-normal-Dx4kXJAl.woff2                48.26 kB
dist/assets/inter-latin-ext-wght-normal-DO1Apj_S.woff2            85.07 kB
dist/assets/MatheusGomesProfile-TJklef7s.jpg                      89.49 kB
dist/assets/index-BcPSzlFG.css                                    41.88 kB │ gzip:   8.03 kB
dist/assets/index-CrshMzuq.js                                    689.61 kB │ gzip: 221.95 kB
✓ built in 35.86s
