> npm run lint && npm run build && npm run test:integration && npm run test:a11y
> eslint .
/mnt/c/Users/mathe/Documents/Development/source/repos/portfolio/src/components/ui/button.tsx
  66:18  warning  Fast refresh only works when a file only exports components. Use a new file to share constants or functions between components  react-refresh/only-export-components
/mnt/c/Users/mathe/Documents/Development/source/repos/portfolio/src/components/ui/navigation-menu.tsx
  163:3  warning  Fast refresh only works when a file only exports components. Use a new file to share constants or functions between components  react-refresh/only-export-components
✖ 2 problems (0 errors, 2 warnings)
> tsc -b && vite build
vite v6.4.1 building for production...
transforming...
✓ 2434 modules transformed.
rendering chunks...
computing gzip size...
dist/index.html                                                    0.50 kB │ gzip:   0.31 kB
dist/assets/favicon-D7stwnU8.ico                                   2.24 kB
dist/assets/microsoft_certified_fundamentals_badge-qZnfZ7Ii.svg    8.17 kB │ gzip:   3.39 kB
dist/assets/inter-vietnamese-wght-normal-CBcvBZtf.woff2           10.25 kB
dist/assets/inter-greek-ext-wght-normal-DlzME5K_.woff2            11.23 kB
dist/assets/cachara-BAUrAkKv.jpg                                  16.75 kB
dist/assets/inter-cyrillic-wght-normal-DqGufNeO.woff2             18.75 kB
dist/assets/inter-greek-wght-normal-CkhJZR-_.woff2                19.00 kB
dist/assets/portfolio-kRgjZnUv.jpg                                20.07 kB
dist/assets/inter-cyrillic-ext-wght-normal-BOeWTOD4.woff2         25.96 kB
dist/assets/ufsc_brasao-BkvTB9GH.jpg                              36.15 kB
dist/assets/inter-latin-wght-normal-Dx4kXJAl.woff2                48.26 kB
dist/assets/inter-latin-ext-wght-normal-DO1Apj_S.woff2            85.07 kB
dist/assets/MatheusGomesProfile-TJklef7s.jpg                      89.49 kB
dist/assets/index-BcPSzlFG.css                                    41.88 kB │ gzip:   8.03 kB
dist/assets/index-CrshMzuq.js                                    689.61 kB │ gzip: 221.95 kB
✓ built in 37.61s
> vitest run tests/integration --config vitest.config.ts
 RUN  v2.1.9 /mnt/c/Users/mathe/Documents/Development/source/repos/portfolio
 ✓ tests/integration/final-polish-task1.test.ts (3 tests) 21ms
 ✓ tests/integration/locale-parity.test.ts (3 tests) 3ms
 ✓ tests/integration/final-polish-task2.test.ts (3 tests) 25ms
 ✓ tests/integration/content-adapters.test.ts (3 tests) 5ms
stdout | tests/integration/i18n-routing.test.tsx
🌐 i18next is made possible by our own product, Locize — consider powering your project with managed localization (AI, CDN, integrations): https://locize.com 💙
 ✓ tests/integration/i18n-routing.test.tsx (3 tests) 292ms
 Test Files  5 passed (5)
      Tests  15 passed (15)
   Start at  17:37:26
   Duration  20.98s (transform 1.74s, setup 5.71s, collect 10.26s, tests 346ms, environment 22.27s, prepare 2.21s)
> playwright test tests/a11y --config playwright.config.ts
Running 2 tests using 2 workers
  ✓  1 [chromium] › tests/a11y/homepage.a11y.spec.ts:8:1 › homepage /en has no serious or critical accessibility violations (2.0s)
  ✓  2 [chromium] › tests/a11y/mobile-nav.a11y.spec.ts:8:1 › mobile navigation open state has no serious or critical accessibility violations (2.0s)
  2 passed (5.4s)
